<?xml version="1.0" encoding="UTF-8"?>
<project name="junit.properties">

    <property name="unittest.hasTests" value="true" />
    <property name="unittests.force" value="true"/>
    <property name="unittest.report.dir" value="${project.dir}/unit-test-reports" />

    <property name="webtest.hasTests" value="false" />
    <property name="webtest.report.dir" value="${project.dir}/web-test-reports" />

    <property name="integrationtest.hasTests" value="false" />
    <property name="integrationtest.report.dir" value="${project.dir}/integration-test-reports" />

    <property name="unittest.source.dir" value="${project.dir}/src/test/java" />
    <property name="unittest.resources.dir" value="${project.dir}/src/test/resources" />
    <property name="build.unittest.classes.dir" value="${build.dir}/test/classes" />

  	<dirname property="junit.properties.basedir" file="${ant.file.junit.properties}"/>
  	<property name="unittest.properties.dir" location="${junit.properties.basedir}/../../Production/Common/Properties"/>


    <property name="single.test" value="Test"/>

    <property name="debug.suspend" value="n"/>
    <property name="debug.port" value="8000"/>

    <fileset id="junitrun.tests" dir="${unittest.source.dir}">
        <include name="**/*${single.test}.java" />
        <exclude name="**/*$*"/>
        <!-- <include name="**/**Test.java" />
        <include name="**/**TestSuite.java" /> -->
    </fileset>

    <path id="junitrun.classpath">
        <pathelement path="${ant.home}/lib/junit-3.8.2.jar" />
        <pathelement path="${ant.home}/lib/ant-launcher.jar" />
        <pathelement path="${ant.home}/lib/ant.jar" />
        <pathelement path="${ant.home}/lib/ant-junit.jar" />
        <path refid="build.classpath" />
        <pathelement path="${build.unittest.classes.dir}" />
        <pathelement path="${build.classes.dir}" />
        	<pathelement path="${unittest.properties.dir}" />
      		<pathelement path="${unittest.properties.dir}/Dev" />
        <fileset refid="classpath.test" />
    </path>


</project>
